[scrape] ADX board: 127 symbols, matched 33/34 registry, FADGI=10080.08
[scrape] DFM search: matched 20/20 registry, DFMGI=6218.29
[scrape] wrote 53 live quotes -> /Users/khalidalbastaki/Projects/uae-stocks/data/live_quotes.json
[scrape] ADX board: 127 symbols, matched 33/34 registry, FADGI=10081.72
[scrape] DFM search: matched 7/20 registry, DFMGI=6222.5
[scrape] wrote 40 live quotes -> /Users/khalidalbastaki/Projects/uae-stocks/data/live_quotes.json
[scrape] ADX board: 127 symbols, matched 33/34 registry, FADGI=10096.63
[scrape] DFM search: matched 20/20 registry, DFMGI=6232.67
[scrape] wrote 53 live quotes -> /Users/khalidalbastaki/Projects/uae-stocks/data/live_quotes.json
[scrape] ADX board: 128 symbols, matched 33/34 registry, FADGI=10024.7
[scrape] DFM search: matched 20/20 registry, DFMGI=6114.78
[scrape] wrote 53 live quotes -> /Users/khalidalbastaki/Projects/uae-stocks/data/live_quotes.json
[scrape] ADX board: 128 symbols, matched 33/34 registry, FADGI=10024.7
[scrape] DFM search: matched 20/20 registry, DFMGI=6104.98
[scrape] wrote 53 live quotes -> /Users/khalidalbastaki/Projects/uae-stocks/data/live_quotes.json
[scrape] ADX board: 128 symbols, matched 33/34 registry, FADGI=10024.7
[scrape] DFM search: matched 20/20 registry, DFMGI=6104.98
[scrape] wrote 53 live quotes -> /Users/khalidalbastaki/Projects/uae-stocks/data/live_quotes.json
[scrape] ADX board: 128 symbols, matched 33/34 registry, FADGI=10024.7
[scrape] DFM search: matched 20/20 registry, DFMGI=6104.98
[scrape] wrote 53 live quotes -> /Users/khalidalbastaki/Projects/uae-stocks/data/live_quotes.json
[scrape] ADX board: 128 symbols, matched 33/34 registry, FADGI=10024.7
[scrape] DFM search: matched 20/20 registry, DFMGI=6104.98
[scrape] wrote 53 live quotes -> /Users/khalidalbastaki/Projects/uae-stocks/data/live_quotes.json
[scrape] ADX board: 128 symbols, matched 33/34 registry, FADGI=10024.7
[scrape] DFM search: matched 20/20 registry, DFMGI=6104.98
[scrape] wrote 53 live quotes -> /Users/khalidalbastaki/Projects/uae-stocks/data/live_quotes.json
[scrape] ADX board: 128 symbols, matched 33/34 registry, FADGI=10024.7
[scrape] DFM search: matched 20/20 registry, DFMGI=6104.98
[scrape] wrote 53 live quotes -> /Users/khalidalbastaki/Projects/uae-stocks/data/live_quotes.json
[scrape] ADX board: 128 symbols, matched 33/34 registry, FADGI=10024.7
[scrape] DFM search: matched 20/20 registry, DFMGI=6104.98
[scrape] wrote 53 live quotes -> /Users/khalidalbastaki/Projects/uae-stocks/data/live_quotes.json
[scrape] ADX FAILED: page.goto: Timeout 45000ms exceeded.
Call log:
  - navigating to "https://www.adx.ae/all-equities", waiting until "domcontentloaded"

[scrape] DFM search: matched 20/20 registry, DFMGI=6104.98
[scrape] wrote 20 live quotes -> /Users/khalidalbastaki/Projects/uae-stocks/data/live_quotes.json
[scrape] ADX board: 128 symbols, matched 33/34 registry, FADGI=10024.7
[scrape] DFM search: matched 20/20 registry, DFMGI=6104.98
[scrape] wrote 53 live quotes -> /Users/khalidalbastaki/Projects/uae-stocks/data/live_quotes.json
[scrape] ADX board: 128 symbols, matched 33/34 registry, FADGI=10024.7
[scrape] DFM search: matched 20/20 registry, DFMGI=6104.98
[scrape] wrote 53 live quotes -> /Users/khalidalbastaki/Projects/uae-stocks/data/live_quotes.json
[scrape] ADX board: 128 symbols, matched 33/34 registry, FADGI=10030.9
[scrape] DFM search: matched 20/20 registry, DFMGI=6104.98
[scrape] wrote 53 live quotes -> /Users/khalidalbastaki/Projects/uae-stocks/data/live_quotes.json
[scrape] ADX board: 128 symbols, matched 33/34 registry, FADGI=10022.28
[scrape] DFM search: matched 20/20 registry, DFMGI=6122.43
[scrape] wrote 53 live quotes -> /Users/khalidalbastaki/Projects/uae-stocks/data/live_quotes.json
[scrape] ADX board: 128 symbols, matched 33/34 registry, FADGI=10032.79
[scrape] DFM search: matched 20/20 registry, DFMGI=6105.41
[scrape] wrote 53 live quotes -> /Users/khalidalbastaki/Projects/uae-stocks/data/live_quotes.json
[scrape] ADX board: 128 symbols, matched 33/34 registry, FADGI=10039.47
[scrape] DFM search: matched 0/20 registry, DFMGI=undefined
[scrape] wrote 33 live quotes -> /Users/khalidalbastaki/Projects/uae-stocks/data/live_quotes.json
[scrape] ADX board: 128 symbols, matched 33/34 registry, FADGI=10045.61
[scrape] DFM search: matched 20/20 registry, DFMGI=6103.96
[scrape] wrote 53 live quotes -> /Users/khalidalbastaki/Projects/uae-stocks/data/live_quotes.json
[scrape] ADX board: 128 symbols, matched 33/34 registry, FADGI=10054.35
[scrape] DFM search: matched 20/20 registry, DFMGI=6104.34
[scrape] wrote 53 live quotes -> /Users/khalidalbastaki/Projects/uae-stocks/data/live_quotes.json
[scrape] ADX FAILED: page.waitForSelector: Timeout 25000ms exceeded.
Call log:
  - waiting for locator('.rdt_TableRow') to be visible

[scrape] DFM search: matched 19/20 registry, DFMGI=6116.81
[scrape] wrote 19 live quotes -> /Users/khalidalbastaki/Projects/uae-stocks/data/live_quotes.json
[scrape] ADX board: 128 symbols, matched 33/34 registry, FADGI=10056.75
[scrape] DFM search: matched 19/20 registry, DFMGI=6125.53
[scrape] wrote 52 live quotes -> /Users/khalidalbastaki/Projects/uae-stocks/data/live_quotes.json
[scrape] ADX board: 128 symbols, matched 33/34 registry, FADGI=10047.01
[scrape] DFM search: matched 20/20 registry, DFMGI=6134.95
[scrape] wrote 53 live quotes -> /Users/khalidalbastaki/Projects/uae-stocks/data/live_quotes.json
