[refresh] export registry symbols…
[refresh] scrape real ADX/DFM delayed quotes…
[refresh] rebuild data (live)…
[livescrape] 53 live quotes (stale=False, as_of=2026-06-18T09:26:41.480Z)
[gdelt] live fetch failed (HTTP Error 429: Too Many Requests); using demo fallback
[brain] built 54 securities + 148 events -> /Users/khalidalbastaki/Projects/uae-stocks/data in 20.2s (provider=live, ai=stub)
[refresh] icons + assemble web/data + dist…
wrote icon-192.png (2923 bytes)
wrote icon-512.png (10714 bytes)
[refresh] deploy -> khaloodalbastaki-beep/uae-stocks-pages…
[refresh] deployed -> https://khaloodalbastaki-beep.github.io/uae-stocks-pages/
[refresh] live exchange scraping/deploy is disabled. Set UAE_ALLOW_LIVE_EXCHANGE=1 only after explicit approval/licensing.
[refresh] export registry symbols…
[refresh] scrape real ADX/DFM delayed quotes…
[refresh] export registry symbols…
[refresh] scrape real ADX/DFM delayed quotes…
[refresh] rebuild data (live)…
[livescrape] 53 live quotes (stale=False, as_of=2026-06-18T10:34:02.795Z)
[gdelt] live fetch failed (HTTP Error 429: Too Many Requests); using demo fallback
[brain] built 54 securities + 148 events -> /Users/khalidalbastaki/Projects/uae-stocks/data in 25.9s (provider=live, ai=stub)
[refresh] icons + assemble web/data + dist…
wrote icon-192.png (2923 bytes)
wrote icon-512.png (10714 bytes)
[refresh] deploy -> khaloodalbastaki-beep/uae-stocks-pages…
[refresh] deployed -> https://khaloodalbastaki-beep.github.io/uae-stocks-pages/
[refresh] export registry symbols…
[refresh] scrape real ADX/DFM delayed quotes…
[refresh] rebuild data (live)…
[livescrape] 53 live quotes (stale=False, as_of=2026-06-23T11:08:01.480Z)
[brain] built 54 securities + 148 events -> /Users/khalidalbastaki/Projects/uae-stocks/data in 26.0s (provider=live, ai=stub)
[refresh] icons + assemble web/data + dist…
wrote icon-192.png (2923 bytes)
wrote icon-512.png (10714 bytes)
